"../../../Engine/Content/Functions/Engine_MaterialFunctions01/Opacity/CameraDepthFade.uasset" 0
"../../../Engine/Content/EngineMaterials/T_Default_Material_Grid_M.uasset" 1
"../../../Engine/Content/EngineMaterials/T_Default_Material_Grid_N.uasset" 2
"../../../Engine/Content/EngineMaterials/WorldGridMaterial.uasset" 3
"../../../Engine/Content/ArtTools/RenderToTexture/Meshes/S_1_Unit_Plane.uasset" 4
"../../../Engine/Content/EngineMaterials/DefaultMaterial.uasset" 5
"../../../Engine/Content/BasicShapes/Cone.uasset" 6
"../../../Engine/Content/BasicShapes/Cube.uasset" 7
"../../../Engine/Content/BasicShapes/Cylinder.uasset" 8
"../../../Engine/Content/BasicShapes/Plane.uasset" 9
"../../../Engine/Content/EngineMaterials/DefaultPhysicalMaterial.uasset" 10
"../../../Engine/Content/BufferVisualization/AmbientOcclusion.uasset" 11
"../../../Engine/Content/BufferVisualization/BaseColor.uasset" 12
"../../../Engine/Content/BufferVisualization/CustomDepth.uasset" 13
"../../../Engine/Content/Functions/Engine_MaterialFunctions02/Utility/VectorLength.uasset" 14
"../../../Engine/Content/BufferVisualization/CustomDepthWorldUnits.uasset" 15
"../../../Engine/Content/Functions/Engine_MaterialFunctions02/Utility/BreakOutFloat2Components.uasset" 16
"../../../Engine/Content/Functions/Engine_MaterialFunctions01/Texturing/ScaleUVsByCenter.uasset" 17
"../../../Engine/Content/Functions/Engine_MaterialFunctions02/ScreenResolution.uasset" 18
"../../../Engine/Content/Functions/Engine_MaterialFunctions02/Texturing/ScreenAlignedUVs.uasset" 19
"../../../Engine/Content/Functions/Engine_MaterialFunctions02/Utility/MakeFloat2.uasset" 20
"../../../Engine/Content/Functions/Engine_MaterialFunctions02/Utility/MakeFloat3.uasset" 21
"../../../Engine/Content/EngineMaterials/MiniFont.uasset" 22
"../../../Engine/Content/BufferVisualization/CustomStencil.uasset" 23
"../../../Engine/Content/BufferVisualization/FinalImage.uasset" 24
"../../../Engine/Content/BufferVisualization/LightingModel.uasset" 25
"../../../Engine/Content/BufferVisualization/MaterialAO.uasset" 26
"../../../Engine/Content/BufferVisualization/Metallic.uasset" 27
"../../../Engine/Content/BufferVisualization/Opacity.uasset" 28
"../../../Engine/Content/BufferVisualization/PostTonemapHDRColor.uasset" 29
"../../../Engine/Content/BufferVisualization/PreTonemapHDRColor.uasset" 30
"../../../Engine/Content/BufferVisualization/Roughness.uasset" 31
"../../../Engine/Content/BufferVisualization/SceneColor.uasset" 32
"../../../Engine/Content/BufferVisualization/SceneDepth.uasset" 33
"../../../Engine/Content/BufferVisualization/SceneDepthWorldUnits.uasset" 34
"../../../Engine/Content/BufferVisualization/SeparateTranslucencyA.uasset" 35
"../../../Engine/Content/BufferVisualization/SeparateTranslucencyRGB.uasset" 36
"../../../Engine/Content/BufferVisualization/Specular.uasset" 37
"../../../Engine/Content/BufferVisualization/SubsurfaceColor.uasset" 38
"../../../Engine/Content/BufferVisualization/WorldNormal.uasset" 39
"../../../Engine/Content/EditorLandscapeResources/DataLayer.uasset" 40
"../../../Engine/Content/EditorLandscapeResources/DefaultAlphaTexture.uasset" 41
"../../../Engine/Content/EditorLandscapeResources/LandscapeGizmoHeight_Mat.uasset" 42
"../../../Engine/Content/EditorLandscapeResources/LandscapeGizmo_Mat.uasset" 43
"../../../Engine/Content/EditorLandscapeResources/LandscapeGizmo_Mat_Copied.uasset" 44
"../../../Engine/Content/EditorLandscapeResources/SplineEditorMeshMat.uasset" 45
"../../../Engine/Content/EditorLandscapeResources/SplineEditorMesh.uasset" 46
"../../../Engine/Content/EditorMaterials/Cross.uasset" 47
"../../../Engine/Content/EditorMaterials/Cross_Mat.uasset" 48
"../../../Engine/Content/EditorMaterials/GizmoMaterial.uasset" 49
"../../../Engine/Content/Functions/Engine_MaterialFunctions02/Utility/Sign.uasset" 50
"../../../Engine/Content/Functions/Engine_MaterialFunctions02/Utility/Round.uasset" 51
"../../../Engine/Content/Functions/Engine_MaterialFunctions02/ExampleContent/Textures/flipbook.uasset" 52
"../../../Engine/Content/Functions/Engine_MaterialFunctions02/Texturing/FlipBook.uasset" 53
"../../../Engine/Content/EditorResources/T_EditorHelp.uasset" 54
"../../../Engine/Content/EditorMaterials/HelpActorMaterial.uasset" 55
"../../../Engine/Content/EditorMaterials/CompositeARGBLayer.uasset" 56
"../../../Engine/Content/EditorMaterials/TilingAALineIntegral.uasset" 57
"../../../Engine/Content/EditorMaterials/TilingAALineBoxFiltered.uasset" 58
"../../../Engine/Content/Functions/Engine_MaterialFunctions03/Procedurals/ComputeFilterWidth.uasset" 59
"../../../Engine/Content/EditorMaterials/TilingAADots.uasset" 60
"../../../Engine/Content/EditorMaterials/Cascade/CASC_Cross.uasset" 61
"../../../Engine/Content/EditorMaterials/Cascade/CASC_None.uasset" 62
"../../../Engine/Content/Functions/Engine_MaterialFunctions03/Blends/Blend_Screen.uasset" 63
"../../../Engine/Content/EditorMaterials/TilingAAGrid.uasset" 64
"../../../Engine/Content/EditorMaterials/LevelGridMaterial.uasset" 65
"../../../Engine/Content/EditorMaterials/MakeCompositeARGBLayer.uasset" 66
"../../../Engine/Content/EditorResources/LevelGrid1DStripes.uasset" 67
"../../../Engine/Content/EditorMaterials/TextureGridCascaded1D.uasset" 68
"../../../Engine/Content/EditorMaterials/TextureGridCascaded2D.uasset" 69
"../../../Engine/Content/EditorMaterials/LevelGridMaterial2.uasset" 70
"../../../Engine/Content/EditorMaterials/MAT_Groups_Toggle.uasset" 71
"../../../Engine/Content/EditorMaterials/MAT_Groups_Visibility.uasset" 72
"../../../Engine/Content/EditorMaterials/PhAT_BoneSelectedMaterial.uasset" 73
"../../../Engine/Content/EditorMaterials/PhAT_ElemSelectedMaterial.uasset" 74
"../../../Engine/Content/EditorMaterials/PhAT_NoCollisionMaterial.uasset" 75
"../../../Engine/Content/EditorMaterials/PhAT_UnselectedMaterial.uasset" 76
"../../../Engine/Content/EditorMaterials/PreviewShadowIndicator.uasset" 77
"../../../Engine/Content/EditorMaterials/PreviewShadowIndicatorMaterial.uasset" 78
"../../../Engine/Content/EditorMaterials/TargetIcon.uasset" 79
"../../../Engine/Content/EditorMaterials/Tick.uasset" 80
"../../../Engine/Content/EditorMaterials/Tick_Mat.uasset" 81
"../../../Engine/Content/EditorMaterials/WidgetGridVertexColorMaterial.uasset" 82
"../../../Engine/Content/EditorMaterials/WidgetGridVertexColorMaterial_Ma.uasset" 83
"../../../Engine/Content/EditorMaterials/WidgetMaterial.uasset" 84
"../../../Engine/Content/EditorMaterials/WidgetMaterial_Current.uasset" 85
"../../../Engine/Content/EditorMaterials/WidgetMaterial_X.uasset" 86
"../../../Engine/Content/EditorMaterials/WidgetMaterial_Y.uasset" 87
"../../../Engine/Content/EditorMaterials/WidgetMaterial_Z.uasset" 88
"../../../Engine/Content/EditorMaterials/WidgetVertexColorMaterial.uasset" 89
"../../../Engine/Content/EditorMaterials/MatineeGroups/MAT_ColorTrack.uasset" 90
"../../../Engine/Content/EditorMaterials/MatineeGroups/MAT_Groups_Anim.uasset" 91
"../../../Engine/Content/EditorMaterials/MatineeGroups/MAT_Groups_AudioMaster.uasset" 92
"../../../Engine/Content/EditorMaterials/MatineeGroups/MAT_Groups_Director.uasset" 93
"../../../Engine/Content/EditorMaterials/MatineeGroups/MAT_Groups_Event.uasset" 94
"../../../Engine/Content/EditorMaterials/MatineeGroups/MAT_Groups_Fade.uasset" 95
"../../../Engine/Content/EditorMaterials/MatineeGroups/MAT_Groups_Float.uasset" 96
"../../../Engine/Content/EditorMaterials/MatineeGroups/MAT_Groups_Move.uasset" 97
"../../../Engine/Content/EditorMaterials/MatineeGroups/MAT_Groups_Slomo.uasset" 98
"../../../Engine/Content/EditorMaterials/MatineeGroups/MAT_Groups_Sound.uasset" 99
"../../../Engine/Content/EditorMaterials/MatineeGroups/MAT_Groups_Vector.uasset" 100
"../../../Engine/Content/EditorMaterials/ParticleSystems/PSysThumbnail_NoImage.uasset" 101
"../../../Engine/Content/EditorMaterials/ParticleSystems/PSysThumbnail_OOD.uasset" 102
"../../../Engine/Content/EngineMaterials/Grid.uasset" 103
"../../../Engine/Content/EditorMaterials/Thumbnails/FloorPlaneMaterial.uasset" 104
"../../../Engine/Content/EditorMeshes/EditorCube.uasset" 105
"../../../Engine/Content/EditorMeshes/EditorCylinder.uasset" 106
"../../../Engine/Content/EditorMeshes/EditorPlane.uasset" 107
"../../../Engine/Content/EditorMaterials/Thumbnails/SkySphereMaterial.uasset" 108
"../../../Engine/Content/EditorMeshes/EditorSkySphere.uasset" 109
"../../../Engine/Content/EditorMeshes/EditorSphere.uasset" 110
"../../../Engine/Content/EditorResources/MatineeCam_D.uasset" 111
"../../../Engine/Content/EditorMaterials/MatineeCam_mat.uasset" 112
"../../../Engine/Content/EditorMeshes/MatineeCam_SM.uasset" 113
"../../../Engine/Content/EditorMaterials/Camera/CineMat.uasset" 114
"../../../Engine/Content/EditorMaterials/Camera/MI_CineMat_CameraBody.uasset" 115
"../../../Engine/Content/EngineDebugMaterials/M_SimpleOpaque.uasset" 116
"../../../Engine/Content/EditorMaterials/Camera/MI_CineMat_CamViewFinder.uasset" 117
"../../../Engine/Content/EditorMeshes/Camera/SM_CineCam.uasset" 118
"../../../Engine/Content/EditorMaterials/Camera/MI_CineMat_Rig.uasset" 119
"../../../Engine/Content/EditorMeshes/Camera/SM_CraneRig_Arm.uasset" 120
"../../../Engine/Content/EditorMeshes/Camera/SM_CraneRig_Base.uasset" 121
"../../../Engine/Content/EditorMeshes/Camera/SM_CraneRig_Body.uasset" 122
"../../../Engine/Content/EditorMeshes/Camera/SM_CraneRig_Mount.uasset" 123
"../../../Engine/Content/EditorMeshes/Camera/SM_RailRig_Mount.uasset" 124
"../../../Engine/Content/EditorMeshes/Camera/SM_RailRig_Track.uasset" 125
"../../../Engine/Content/EditorMeshes/ColorCalibrator/M_ChromeBall.uasset" 126
"../../../Engine/Content/EditorMeshes/ColorCalibrator/M_ClearCoat.uasset" 127
"../../../Engine/Content/EditorMeshes/ColorCalibrator/M_ClearCoatBlack.uasset" 128
"../../../Engine/Content/EditorMeshes/ColorCalibrator/Color_checker.uasset" 129
"../../../Engine/Content/EditorMeshes/ColorCalibrator/M_ColorGrid.uasset" 130
"../../../Engine/Content/EditorMeshes/ColorCalibrator/M_GreyBall.uasset" 131
"../../../Engine/Content/EditorMeshes/ColorCalibrator/SM_ColorCalibrator.uasset" 132
"../../../Engine/Content/EditorResources/Bad.uasset" 133
"../../../Engine/Content/EditorResources/BSPVertex.uasset" 134
"../../../Engine/Content/EditorResources/EmptyActor.uasset" 135
"../../../Engine/Content/EditorResources/MatInstActSprite.uasset" 136
"../../../Engine/Content/EditorResources/SceneManager.uasset" 137
"../../../Engine/Content/EditorResources/SmallFont.uasset" 138
"../../../Engine/Content/EditorResources/S_Actor.uasset" 139
"../../../Engine/Content/EditorResources/S_DecalActorIcon.uasset" 140
"../../../Engine/Content/EditorResources/S_Emitter.uasset" 141
"../../../Engine/Content/EditorResources/S_ExpoHeightFog.uasset" 142
"../../../Engine/Content/EditorResources/S_FTest.uasset" 143
"../../../Engine/Content/EditorResources/S_KBSJoint.uasset" 144
"../../../Engine/Content/EditorResources/S_KHinge.uasset" 145
"../../../Engine/Content/EditorResources/S_KPrismatic.uasset" 146
"../../../Engine/Content/EditorResources/S_LevelSequence.uasset" 147
"../../../Engine/Content/EditorResources/S_NavP.uasset" 148
"../../../Engine/Content/EditorResources/S_Note.uasset" 149
"../../../Engine/Content/EditorResources/S_Player.uasset" 150
"../../../Engine/Content/EditorResources/S_PortalActorIcon2.uasset" 151
"../../../Engine/Content/EditorResources/S_RadForce.uasset" 152
"../../../Engine/Content/EditorResources/S_ReflActorIcon.uasset" 153
"../../../Engine/Content/EditorResources/S_Terrain.uasset" 154
"../../../Engine/Content/EditorResources/S_TextRenderActorIcon.uasset" 155
"../../../Engine/Content/EditorResources/S_Thruster.uasset" 156
"../../../Engine/Content/EditorResources/S_Trigger.uasset" 157
"../../../Engine/Content/EditorResources/S_VectorFieldVol.uasset" 158
"../../../Engine/Content/EditorResources/S_WindDirectional.uasset" 159
"../../../Engine/Content/EditorResources/AI/S_NavLink.uasset" 160
"../../../Engine/Content/EditorResources/AudioIcons/S_AudioComponent_AutoActivate.uasset" 161
"../../../Engine/Content/EditorResources/LightIcons/SkyLight.uasset" 162
"../../../Engine/Content/EditorResources/LightIcons/S_LightDirectional.uasset" 163
"../../../Engine/Content/EditorResources/LightIcons/S_LightDirectionalMove.uasset" 164
"../../../Engine/Content/EditorResources/LightIcons/S_LightError.uasset" 165
"../../../Engine/Content/EditorResources/LightIcons/S_LightPoint.uasset" 166
"../../../Engine/Content/EditorResources/LightIcons/S_LightPointMove.uasset" 167
"../../../Engine/Content/EditorResources/LightIcons/S_LightSpot.uasset" 168
"../../../Engine/Content/EditorResources/LightIcons/S_LightSpotMove.uasset" 169
"../../../Engine/Content/EditorResources/SequenceRecorder/Countdown.uasset" 170
"../../../Engine/Content/EditorResources/SequenceRecorder/RecordingIndicator.uasset" 171
"../../../Engine/Content/EditorResources/Spline/T_Loft_Spline.uasset" 172
"../../../Engine/Content/EditorSounds/Notifications/CompileFailed.uasset" 173
"../../../Engine/Content/EditorSounds/Notifications/CompileFailed_Cue.uasset" 174
"../../../Engine/Content/EditorSounds/Notifications/CompileSuccess.uasset" 175
"../../../Engine/Content/EditorSounds/Notifications/CompileStart_Cue.uasset" 176
"../../../Engine/Content/EditorSounds/Notifications/CompileSuccess_Cue.uasset" 177
"../../../Engine/Content/EngineDamageTypes/DmgTypeBP_Environmental.uasset" 178
"../../../Engine/Content/EngineDebugMaterials/HeatmapGradient.uasset" 179
"../../../Engine/Content/EngineDebugMaterials/BoneWeightMaterial.uasset" 180
"../../../Engine/Content/EngineDebugMaterials/ClothMaterial.uasset" 181
"../../../Engine/Content/EngineDebugMaterials/ClothMaterial_WF.uasset" 182
"../../../Engine/Content/EngineDebugMaterials/DebugEditorMaterial.uasset" 183
"../../../Engine/Content/EngineDebugMaterials/DebugMeshMaterial.uasset" 184
"../../../Engine/Content/EngineDebugMaterials/GeomMaterial.uasset" 185
"../../../Engine/Content/Functions/Engine_MaterialFunctions01/Shading/ConvertFromDiffSpec.uasset" 186
"../../../Engine/Content/EngineDebugMaterials/LevelColorationLitMaterial.uasset" 187
"../../../Engine/Content/EngineDebugMaterials/LevelColorationUnlitMaterial.uasset" 188
"../../../Engine/Content/EngineMaterials/DefaultWhiteGrid.uasset" 189
"../../../Engine/Content/EngineDebugMaterials/MAT_LevelColorationLitLightmapUV.uasset" 190
"../../../Engine/Content/EngineDebugMaterials/M_SimpleTranslucent.uasset" 191
"../../../Engine/Content/EngineDebugMaterials/ShadedLevelColorationLitMaterial.uasset" 192
"../../../Engine/Content/EngineDebugMaterials/ShadedLevelColorationUnlitMateri.uasset" 193
"../../../Engine/Content/EngineDebugMaterials/VertexColorMaterial.uasset" 194
"../../../Engine/Content/EngineDebugMaterials/VertexColorViewMode_AlphaAsColor.uasset" 195
"../../../Engine/Content/EngineDebugMaterials/VertexColorViewMode_BlueOnly.uasset" 196
"../../../Engine/Content/EngineDebugMaterials/VertexColorViewMode_ColorOnly.uasset" 197
"../../../Engine/Content/EngineDebugMaterials/VertexColorViewMode_GreenOnly.uasset" 198
"../../../Engine/Content/EngineDebugMaterials/VertexColorViewMode_RedOnly.uasset" 199
"../../../Engine/Content/EngineDebugMaterials/WireframeMaterial.uasset" 200
"../../../Engine/Content/EngineFonts/Faces/RobotoBold.uasset" 201
"../../../Engine/Content/EngineFonts/Faces/RobotoBoldItalic.uasset" 202
"../../../Engine/Content/EngineFonts/Faces/RobotoItalic.uasset" 203
"../../../Engine/Content/EngineFonts/Faces/RobotoLight.uasset" 204
"../../../Engine/Content/EngineFonts/Faces/RobotoRegular.uasset" 205
"../../../Engine/Content/EngineFonts/Roboto.uasset" 206
"../../../Engine/Content/EngineFonts/Faces/RobotoTiny.uasset" 207
"../../../Engine/Content/EngineFonts/RobotoTiny.uasset" 208
"../../../Engine/Content/EngineFonts/SmallFont.uasset" 209
"../../../Engine/Content/EngineFonts/TinyFont.uasset" 210
"../../../Engine/Content/EngineResources/WhiteSquareTexture.uasset" 211
"../../../Engine/Content/EngineMaterials/BlinkingCaret.uasset" 212
"../../../Engine/Content/EngineMaterials/DefaultBloomKernel.uasset" 213
"../../../Engine/Content/EngineMaterials/DefaultBokeh.uasset" 214
"../../../Engine/Content/EngineMaterials/DefaultDiffuse.uasset" 215
"../../../Engine/Content/EngineMaterials/DefaultDeferredDecalMaterial.uasset" 216
"../../../Engine/Content/EngineMaterials/DefaultLightFunctionMaterial.uasset" 217
"../../../Engine/Content/EngineMaterials/DefaultNormal.uasset" 218
"../../../Engine/Content/EngineMaterials/DefaultPostProcessMaterial.uasset" 219
"../../../Engine/Content/EngineFonts/RobotoDistanceField.uasset" 220
"../../../Engine/Content/EngineMaterials/DefaultTextMaterialOpaque.uasset" 221
"../../../Engine/Content/EngineMaterials/EditorBrushMaterial.uasset" 222
"../../../Engine/Content/EngineMaterials/Good64x64TilingNoiseHighFreq.uasset" 223
"../../../Engine/Content/EngineMaterials/Grid_N.uasset" 224
"../../../Engine/Content/EngineMaterials/HighResolutionScreenshotMaskFunction.uasset" 225
"../../../Engine/Content/EngineMaterials/HighResScreenshot.uasset" 226
"../../../Engine/Content/EngineMaterials/HighResScreenshotCaptureRegion.uasset" 227
"../../../Engine/Content/EngineMaterials/HighResScreenshotMask.uasset" 228
"../../../Engine/Content/EngineMaterials/LandscapeHolePhysicalMaterial.uasset" 229
"../../../Engine/Content/EngineMaterials/InvalidLightmapSettings.uasset" 230
"../../../Engine/Content/EngineMaterials/M_InvalidLightmapSettings.uasset" 231
"../../../Engine/Content/EngineMaterials/PaperDiffuse.uasset" 232
"../../../Engine/Content/EngineMaterials/PaperNormal.uasset" 233
"../../../Engine/Content/Functions/Engine_MaterialFunctions02/WorldPositionOffset/CameraOffset.uasset" 234
"../../../Engine/Content/EngineMaterials/PhAT_JointLimitMaterial.uasset" 235
"../../../Engine/Content/EngineMaterials/PhysMat_Rubber.uasset" 236
"../../../Engine/Content/EngineMaterials/PreintegratedSkinBRDF.uasset" 237
"../../../Engine/Content/EngineMaterials/RemoveSurfaceMaterial.uasset" 238
"../../../Engine/Content/EngineMaterials/WeightMapPlaceholderTexture.uasset" 239
"../../../Engine/Content/EngineMaterials/Widget3DPassThrough.uasset" 240
"../../../Engine/Content/EngineMaterials/Widget3DPassThrough_Masked.uasset" 241
"../../../Engine/Content/EngineMaterials/Widget3DPassThrough_Opaque.uasset" 242
"../../../Engine/Content/EngineMaterials/Widget3DPassThrough_Masked_OneSided.uasset" 243
"../../../Engine/Content/EngineMaterials/Widget3DPassThrough_Opaque_OneSided.uasset" 244
"../../../Engine/Content/EngineMaterials/Widget3DPassThrough_Translucent.uasset" 245
"../../../Engine/Content/EngineMaterials/Widget3DPassThrough_Translucent_OneSided.uasset" 246
"../../../Engine/Content/EngineMeshes/Cube.uasset" 247
"../../../Engine/Content/EngineMeshes/Cylinder.uasset" 248
"../../../Engine/Content/EngineMeshes/Sphere.uasset" 249
"../../../Engine/Content/EngineResources/Black.uasset" 250
"../../../Engine/Content/EngineResources/DefaultTexture.uasset" 251
"../../../Engine/Content/EngineResources/DefaultTextureCube.uasset" 252
"../../../Engine/Content/EngineResources/GradientTexture0.uasset" 253
"../../../Engine/Content/EngineResources/StreamingPauseIcon.uasset" 254
"../../../Engine/Content/EngineResources/M_StreamingPause.uasset" 255
"../../../Engine/Content/EngineSounds/Master.uasset" 256
"../../../Engine/Content/Functions/Engine_MaterialFunctions01/Shading/PowerToRoughness.uasset" 257
"../../../Engine/Content/Maps/Templates/Thumbnails/Default.uasset" 258
"../../../Engine/Content/Maps/Templates/Thumbnails/VR-Basic.uasset" 259
"../../../Engine/Content/MapTemplates/Sky/DaylightAmbientCubemap.uasset" 260
"../../../Engine/Content/MobileResources/T_MobileControls_texture.uasset" 261
"../../../Engine/Content/MobileResources/T_MobileMenu2.uasset" 262
"../../../Engine/Content/MobileResources/HUD/AnalogHat.uasset" 263
"../../../Engine/Content/MobileResources/HUD/VirtualJoystick_Background.uasset" 264
"../../../Engine/Content/MobileResources/HUD/VirtualJoystick_Thumb.uasset" 265
"../../../Engine/Content/MobileResources/HUD/DefaultVirtualJoysticks.uasset" 266
"../../../Engine/Content/MobileResources/HUD/LeftVirtualJoystickOnly.uasset" 267
"../../../Engine/Content/MobileResources/HUD/MobileHUDButton1_off.uasset" 268
"../../../Engine/Content/MobileResources/HUD/MobileHUDButton1_on.uasset" 269
"../../../Engine/Content/MobileResources/HUD/MobileHUDButton2_off.uasset" 270
"../../../Engine/Content/MobileResources/HUD/MobileHUDButton2_on.uasset" 271
"../../../Engine/Content/MobileResources/HUD/MobileHUDButton3.uasset" 272
"../../../Engine/Content/MobileResources/HUD/MobileHUDButtonFire.uasset" 273
"../../../Engine/Content/MobileResources/HUD/MobileHUDDirectionPad.uasset" 274
"../../../Engine/Content/MobileResources/HUD/MobileHUDDirectionPad2.uasset" 275
"../../../Engine/Content/MobileResources/HUD/MobileHUDDirectionPad3.uasset" 276
"../../../Engine/Content/MobileResources/HUD/MobileHUDDirectionStick.uasset" 277
"../../../Engine/Content/MobileResources/HUD/T_Castle_ThumbstickInner.uasset" 278
"../../../Engine/Content/MobileResources/HUD/T_Castle_ThumbstickOutter.uasset" 279
"../../../Engine/Content/Tutorial/ContentIntroCurve.uasset" 280
"../../../Engine/Content/Tutorial/Basics/TutorialAssets/icon_tab_Levels_40x.uasset" 281
"../../../Engine/Content/Tutorial/BlueprintTutorials/TutorialAssets/BlueprintInterface_64x.uasset" 282
"../../../Engine/Content/Tutorial/BlueprintTutorials/TutorialAssets/BlueprintMacroLibrary_64x.uasset" 283
"../../../Engine/Content/Tutorial/BlueprintTutorials/TutorialAssets/Blueprint_64x.uasset" 284
"../../../Engine/Content/Tutorial/BlueprintTutorials/TutorialAssets/Tutorial_BP_Interface.uasset" 285
"../../../Engine/Content/Tutorial/Foliage/TutorialAssets/Foliage.uasset" 286
"../../../Engine/Content/Tutorial/Landscape/TutorialAssets/Landscape.uasset" 287
"../../../Engine/Content/Tutorial/Paper2D/TutorialAssets/Paper2DFlipbook_TutorialIcon.uasset" 288
"../../../Engine/Content/Tutorial/Paper2D/TutorialAssets/Paper2DSprite_TutorialIcon.uasset" 289
"../../../Engine/Content/Tutorial/SubEditors/TutorialAssets/icon_Editor_Preferences_General_40x.uasset" 290
"../../../Engine/Content/Tutorial/SubEditors/TutorialAssets/icon_ShowSkeletalMeshes_40x.uasset" 291
"../../../Engine/Content/Tutorial/SubEditors/TutorialAssets/TutorialMaterial.uasset" 292
"../../../Engine/Content/Tutorial/SubEditors/TutorialAssets/T_SmokeSubUV_8X8.uasset" 293
"../../../Engine/Content/Tutorial/SubEditors/TutorialAssets/T_soft_smoke.uasset" 294
"../../../Engine/Content/Tutorial/SubEditors/TutorialAssets/M_smoke_subUV_blackbody.uasset" 295
"../../../Engine/Content/Tutorial/SubEditors/TutorialAssets/TutorialParticleSystem.uasset" 296
"../../../Engine/Content/VREditor/Devices/Generic/GenericHMDMaterial.uasset" 297
"../../../Engine/Content/VREditor/Devices/Generic/GenericHMD.uasset" 298
"../../../Engine/Content/Functions/Engine_MaterialFunctions02/Utility/BreakOutFloat3Components.uasset" 299
"../../../Engine/Content/VREditor/Devices/Vive/VivePreController_MasksB.uasset" 300
"../../../Engine/Content/VREditor/Devices/Oculus/OculusControllerMaterial.uasset" 301
"../../../Engine/Content/VREditor/Devices/Oculus/OculusControllerMaterial_Inst.uasset" 302
"../../../Engine/Content/VREditor/Devices/Oculus/OculusControllerMesh.uasset" 303
"../../../Engine/Content/VREditor/Devices/Vive/T_VivePreController_EM.uasset" 304
"../../../Engine/Content/VREditor/Devices/Vive/VivePreController_MasksA.uasset" 305
"../../../Engine/Content/VREditor/Devices/Vive/VivePreControllerDiffuse.uasset" 306
"../../../Engine/Content/VREditor/Devices/Vive/VivePreControllerSpec.uasset" 307
"../../../Engine/Content/VREditor/LaserPointer/VR_LaserPower_01.uasset" 308
"../../../Engine/Content/VREditor/Devices/Vive/VivePreControllerMaterial.uasset" 309
"../../../Engine/Content/VREditor/Devices/Vive/VivePreControllerMaterial_Inst.uasset" 310
"../../../Engine/Content/VREditor/Devices/Vive/VivePreControllerMesh.uasset" 311
"../../../Engine/Content/VREditor/FloatingText/LineMaterial.uasset" 312
"../../../Engine/Content/VREditor/FloatingText/JointSphere.uasset" 313
"../../../Engine/Content/VREditor/FloatingText/LineSegmentCylinder.uasset" 314
"../../../Engine/Content/VREditor/Fonts/VRText_RobotoLarge.uasset" 315
"../../../Engine/Content/VREditor/Fonts/VRTextMaterial.uasset" 316
"../../../Engine/Content/VREditor/Fonts/TranslucentVRTextMaterial.uasset" 317
"../../../Engine/Content/VREditor/LaserPointer/CursorPointer.uasset" 318
"../../../Engine/Content/VREditor/TransformGizmo/TransformGizmoMaterial.uasset" 319
"../../../Engine/Content/VREditor/LaserPointer/HoverMaterial.uasset" 320
"../../../Engine/Content/VREditor/TransformGizmo/TranslucentTransformGizmoMaterial.uasset" 321
"../../../Engine/Content/VREditor/LaserPointer/TranslucentHoverMaterial.uasset" 322
"../../../Engine/Content/VREditor/LaserPointer/HoverMesh.uasset" 323
"../../../Engine/Content/VREditor/LaserPointer/LaserPointerMaterial.uasset" 324
"../../../Engine/Content/VREditor/LaserPointer/LaserPointerMaterialInst.uasset" 325
"../../../Engine/Content/VREditor/LaserPointer/TranslucentLaserPointerMaterialInst.uasset" 326
"../../../Engine/Content/VREditor/LaserPointer/LaserPointerMesh.uasset" 327
"../../../Engine/Content/VREditor/LaserPointer/LaserPointerMesh_End.uasset" 328
"../../../Engine/Content/VREditor/LaserPointer/LaserPointerMesh_Start.uasset" 329
"../../../Engine/Content/VREditor/Sounds/VR_teleport.uasset" 330
"../../../Engine/Content/VREditor/Sounds/UI/Click_on_Button.uasset" 331
"../../../Engine/Content/VREditor/Sounds/UI/Click_on_Button_Cue.uasset" 332
"../../../Engine/Content/VREditor/Sounds/UI/Dockable_Window_Close.uasset" 333
"../../../Engine/Content/VREditor/Sounds/UI/Dockable_Window_Drop.uasset" 334
"../../../Engine/Content/VREditor/Sounds/UI/Dockable_Window_Open.uasset" 335
"../../../Engine/Content/VREditor/Sounds/UI/Dockable_Window_Pick_Up.uasset" 336
"../../../Engine/Content/VREditor/Sounds/UI/Drop_Item_From_ContentBrowser.uasset" 337
"../../../Engine/Content/VREditor/Sounds/UI/Floating_UI_Open-001.uasset" 338
"../../../Engine/Content/VREditor/Sounds/UI/Radial_Menu_FadeOut.uasset" 339
"../../../Engine/Content/VREditor/Sounds/UI/Teleport_Mode_Entered.uasset" 340
"../../../Engine/Content/VREditor/Teleport/TeleportDirectionMaterial.uasset" 341
"../../../Engine/Content/VREditor/Teleport/TeleportDirectionMaterial_Inst.uasset" 342
"../../../Engine/Content/VREditor/Teleport/TeleportDirectionMesh.uasset" 343
"../../../Engine/Content/VREditor/TransformGizmo/BoundingBoxCorner.uasset" 344
"../../../Engine/Content/VREditor/TransformGizmo/BoundingBoxEdge.uasset" 345
"../../../Engine/Content/VREditor/TransformGizmo/PlaneTranslationHandle.uasset" 346
"../../../Engine/Content/VREditor/TransformGizmo/Main.uasset" 347
"../../../Engine/Content/VREditor/TransformGizmo/Xray.uasset" 348
"../../../Engine/Content/VREditor/TransformGizmo/SM_Dialog_Close.uasset" 349
"../../../Engine/Content/VREditor/TransformGizmo/SM_Dialog_Move.uasset" 350
"../../../Engine/Content/VREditor/TransformGizmo/SM_Sequencer_Key.uasset" 351
"../../../Engine/Content/VREditor/TransformGizmo/SM_Sequencer_Node.uasset" 352
"../../../Engine/Content/VREditor/TransformGizmo/TransformGizmoMaterial_Inst.uasset" 353
"../../../Engine/Content/VREditor/TransformGizmo/TranslucentTransformGizmoMaterial_Inst.uasset" 354
"../../../Engine/Content/VREditor/Devices/Vive/UE4_Logo.uasset" 355
"../../../Engine/Content/VREditor/UI/M_ContentWindow.uasset" 356
"../../../Engine/Content/VREditor/UI/SM_ContentWindow_01.uasset" 357
"../../../Engine/Content/VREditor/UI/KeyDiskMaterial.uasset" 358
"../../../Engine/Content/VREditor/UI/DiscMaterial.uasset" 359
"../../../Engine/Content/VREditor/UI/SM_Radial_Disk.uasset" 360
"../../../Engine/Content/VREditor/UI/ArrowMaterial.uasset" 361
"../../../Engine/Content/VREditor/UI/SM_Radial_Pointer.uasset" 362
"../../../Engine/Content/Functions/Engine_MaterialFunctions01/Gradient/RadialGradient.uasset" 363
"../../../Engine/Content/VREditor/WorldMovementGrid/SimpleGrid.uasset" 364
"../../../Engine/Content/VREditor/WorldMovementGrid/GridMaterial.uasset" 365
"../../../Engine/Content/Functions/Engine_MaterialFunctions01/Density/ExponentialDensity.uasset" 366
"../../../Engine/Content/VREditor/WorldMovementGrid/GridPostProcess.uasset" 367
"../../../Engine/Content/EditorLandscapeResources/FlattenHeightMat.uasset" 368
"../../../Engine/Content/VREditor/WorldMovementGrid/PlaneMesh.uasset" 369
"C:/Users/Mike/Desktop/RealFPS/FPSSystem/Content/FPS_System/Game/Player/Mesh/PlayerCharacter_Skeleton.uasset" 370
"C:/Users/Mike/Desktop/RealFPS/FPSSystem/Content/FPS_System/Game/Player/Animations/Idle/Idle.uasset" 371
"C:/Users/Mike/Desktop/RealFPS/FPSSystem/Content/FPS_System/Game/Weapons/Pistol/Animations/Pistol_Aim.uasset" 372
"C:/Users/Mike/Desktop/RealFPS/FPSSystem/Content/FPS_System/Game/Weapons/Pistol/Animations/Pistol_Idle.uasset" 373
"C:/Users/Mike/Desktop/RealFPS/FPSSystem/Content/FPS_System/Game/Weapons/SMG/Animations/AimIdle.uasset" 374
"C:/Users/Mike/Desktop/RealFPS/FPSSystem/Content/SciFi_Weapons/Game/Weapons/SMG/Animations/AimWalk.uasset" 375
"C:/Users/Mike/Desktop/RealFPS/FPSSystem/Content/SciFi_Weapons/Game/Player/Animations/Walk/Sprint.uasset" 376
"C:/Users/Mike/Desktop/RealFPS/FPSSystem/Content/SciFi_Weapons/Game/Player/Animations/Walk/Walk.uasset" 377
"C:/Users/Mike/Desktop/RealFPS/FPSSystem/Content/FPS_System/Game/Player/Animations/Walk/UpperBody_BS.uasset" 378
"C:/Users/Mike/Desktop/RealFPS/FPSSystem/Content/FPS_System/Game/Weapons/Pistol/Animations/Pistol_Movement.uasset" 379
"C:/Users/Mike/Desktop/RealFPS/FPSSystem/Content/FPS_System/Game/Blueprints/Player_AnimBP.uasset" 380
"../../../Engine/Content/EditorBlueprintResources/StandardMacros.uasset" 381
"C:/Users/Mike/Desktop/RealFPS/FPSSystem/Content/FPS_System/Game/Blueprints/Headbobbing/HeadBobbing.uasset" 382
"C:/Users/Mike/Desktop/RealFPS/FPSSystem/Content/FPS_System/Game/Blueprints/Headbobbing/HeadBobbing_Aim.uasset" 383
"C:/Users/Mike/Desktop/RealFPS/FPSSystem/Content/FPS_System/Game/Blueprints/Headbobbing/HeadBobbing_Sprint.uasset" 384
"C:/Users/Mike/Desktop/RealFPS/FPSSystem/Content/FPS_System/Game/Weapons/SMG/Animations/SwitchEnd.uasset" 385
"C:/Users/Mike/Desktop/RealFPS/FPSSystem/Content/FPS_System/Game/Weapons/SMG/Animations/SwitchEnd_Montage.uasset" 386
"C:/Users/Mike/Desktop/RealFPS/FPSSystem/Content/FPS_System/Game/Weapons/SMG/Animations/SwitchStart.uasset" 387
"C:/Users/Mike/Desktop/RealFPS/FPSSystem/Content/FPS_System/Game/Weapons/SMG/Animations/SwitchStart_Montage.uasset" 388
"C:/Users/Mike/Desktop/RealFPS/FPSSystem/Content/SciFi_Weapons/Game/Weapons/SMG/Animations/AimFireRapid.uasset" 389
"C:/Users/Mike/Desktop/RealFPS/FPSSystem/Content/SciFi_Weapons/Game/Weapons/SMG/Animations/AimFireRapid_Montage.uasset" 390
"C:/Users/Mike/Desktop/RealFPS/FPSSystem/Content/SciFi_Weapons/Game/Weapons/SMG/Animations/AimFireSingle.uasset" 391
"C:/Users/Mike/Desktop/RealFPS/FPSSystem/Content/SciFi_Weapons/Game/Weapons/SMG/Animations/AimFireSingle_Montage.uasset" 392
"C:/Users/Mike/Desktop/RealFPS/FPSSystem/Content/SciFi_Weapons/Game/Weapons/SMG/Animations/FireRapid.uasset" 393
"C:/Users/Mike/Desktop/RealFPS/FPSSystem/Content/SciFi_Weapons/Game/Weapons/SMG/Animations/FireRapid_Montage.uasset" 394
"C:/Users/Mike/Desktop/RealFPS/FPSSystem/Content/SciFi_Weapons/Game/Weapons/SMG/Animations/FireSingle.uasset" 395
"C:/Users/Mike/Desktop/RealFPS/FPSSystem/Content/SciFi_Weapons/Game/Weapons/SMG/Animations/FireSingle_Montage.uasset" 396
"C:/Users/Mike/Desktop/RealFPS/FPSSystem/Content/SciFi_Weapons/Game/Weapons/SMG/Animations/ReloadLong.uasset" 397
"C:/Users/Mike/Desktop/RealFPS/FPSSystem/Content/SciFi_Weapons/Game/Weapons/SMG/Animations/ReloadLong_Montage.uasset" 398
"C:/Users/Mike/Desktop/RealFPS/FPSSystem/Content/SciFi_Weapons/Game/Weapons/SMG/Animations/ReloadShort.uasset" 399
"C:/Users/Mike/Desktop/RealFPS/FPSSystem/Content/SciFi_Weapons/Game/Weapons/SMG/Animations/ReloadShort_Montage.uasset" 400
"C:/Users/Mike/Desktop/RealFPS/FPSSystem/Content/SciFi_Weapons/Game/Weapons/SMG/Mesh/SMG_Skeleton.uasset" 401
"C:/Users/Mike/Desktop/RealFPS/FPSSystem/Content/SciFi_Weapons/Game/Weapons/SMG/Animations/SMG/SMG_MultiShot.uasset" 402
"C:/Users/Mike/Desktop/RealFPS/FPSSystem/Content/SciFi_Weapons/Game/Weapons/SMG/Animations/SMG/SMG_MultiShot_Montage.uasset" 403
"C:/Users/Mike/Desktop/RealFPS/FPSSystem/Content/SciFi_Weapons/Game/Weapons/SMG/Animations/SMG/SMG_ReloadLong.uasset" 404
"C:/Users/Mike/Desktop/RealFPS/FPSSystem/Content/SciFi_Weapons/Game/Sounds/Wave/SMG_Reload_Full.uasset" 405
"C:/Users/Mike/Desktop/RealFPS/FPSSystem/Content/SciFi_Weapons/Game/Weapons/SMG/Animations/SMG/SMG_ReloadLong_Montage.uasset" 406
"C:/Users/Mike/Desktop/RealFPS/FPSSystem/Content/SciFi_Weapons/Game/Weapons/SMG/Animations/SMG/SMG_ReloadShort.uasset" 407
"C:/Users/Mike/Desktop/RealFPS/FPSSystem/Content/SciFi_Weapons/Game/Sounds/Wave/SMG_Reload.uasset" 408
"C:/Users/Mike/Desktop/RealFPS/FPSSystem/Content/SciFi_Weapons/Game/Weapons/SMG/Animations/SMG/SMG_ReloadShort_Montage.uasset" 409
"C:/Users/Mike/Desktop/RealFPS/FPSSystem/Content/SciFi_Weapons/Game/Weapons/SMG/Animations/SMG/SMG_SingleShot.uasset" 410
"C:/Users/Mike/Desktop/RealFPS/FPSSystem/Content/SciFi_Weapons/Game/Weapons/SMG/Animations/SMG/SMG_SingleShot_Montage.uasset" 411
"C:/Users/Mike/Desktop/RealFPS/FPSSystem/Content/FPS_System/Game/Weapons/Pistol/Mesh/Pistol_Skeleton.uasset" 412
"C:/Users/Mike/Desktop/RealFPS/FPSSystem/Content/FPS_System/Game/Weapons/Pistol/Animations/Pistol/Pistol_Empty.uasset" 413
"C:/Users/Mike/Desktop/RealFPS/FPSSystem/Content/FPS_System/Game/Weapons/Commons/Materials/Masters/M_Shell.uasset" 414
"C:/Users/Mike/Desktop/RealFPS/FPSSystem/Content/FPS_System/Game/Weapons/Commons/Materials/MI_Bullet.uasset" 415
"../../../Engine/Content/BasicShapes/Sphere.uasset" 416
"C:/Users/Mike/Desktop/RealFPS/FPSSystem/Content/FPS_System/Game/Blueprints/Bullet_Projectile.uasset" 417
"C:/Users/Mike/Desktop/RealFPS/FPSSystem/Content/FPS_System/Game/Blueprints/Headbobbing/ShootShake.uasset" 418
"C:/Users/Mike/Desktop/RealFPS/FPSSystem/Content/FPS_System/Game/Weapons/Commons/Particles/Textures/Decals/Bullet_decal_A.uasset" 419
"C:/Users/Mike/Desktop/RealFPS/FPSSystem/Content/FPS_System/Game/Weapons/Commons/Particles/Textures/Decals/Bullet_Hole_N.uasset" 420
"C:/Users/Mike/Desktop/RealFPS/FPSSystem/Content/FPS_System/Game/Weapons/Commons/Particles/Materials/Decals/Bullet_Decals_M.uasset" 421
"C:/Users/Mike/Desktop/RealFPS/FPSSystem/Content/FPS_System/Game/Weapons/Commons/Particles/Materials/Decals/Bullet_Hole.uasset" 422
"C:/Users/Mike/Desktop/RealFPS/FPSSystem/Content/FPS_System/Game/Blueprints/FireMode_Enum.uasset" 423
"C:/Users/Mike/Desktop/RealFPS/FPSSystem/Content/FPS_System/Game/Blueprints/Weapon_Struct.uasset" 424
"C:/Users/Mike/Desktop/RealFPS/FPSSystem/Content/FPS_System/Game/Sounds/Wave/Shell.uasset" 425
"C:/Users/Mike/Desktop/RealFPS/FPSSystem/Content/FPS_System/Game/Sounds/Wave/SMG_Empty.uasset" 426
"C:/Users/Mike/Desktop/RealFPS/FPSSystem/Content/FPS_System/Game/Sounds/Wave/SMG_Fire_Single.uasset" 427
"C:/Users/Mike/Desktop/RealFPS/FPSSystem/Content/FPS_System/Game/Weapons/Commons/Particles/Materials/Ramp/M_radial_ramp_soft.uasset" 428
"C:/Users/Mike/Desktop/RealFPS/FPSSystem/Content/FPS_System/Game/Weapons/Commons/Particles/Textures/Smoke/T_Clouds_01.uasset" 429
"C:/Users/Mike/Desktop/RealFPS/FPSSystem/Content/FPS_System/Game/Weapons/Commons/Particles/Textures/Smoke/T_SmokeBall_01_8_8.uasset" 430
"C:/Users/Mike/Desktop/RealFPS/FPSSystem/Content/FPS_System/Game/Weapons/Commons/Particles/Materials/Smoke/M_ImpactSmoke.uasset" 431
"C:/Users/Mike/Desktop/RealFPS/FPSSystem/Content/FPS_System/Game/Weapons/Commons/Particles/Textures/Water/T_Steam_02_Packed.uasset" 432
"C:/Users/Mike/Desktop/RealFPS/FPSSystem/Content/FPS_System/Game/Weapons/Commons/Particles/Materials/Smoke/M_MuzzleSmokeDetail_GPU.uasset" 433
"C:/Users/Mike/Desktop/RealFPS/FPSSystem/Content/FPS_System/Game/Weapons/Commons/Particles/P_ImpactHit.uasset" 434
"C:/Users/Mike/Desktop/RealFPS/FPSSystem/Content/FPS_System/Game/Weapons/Commons/Particles/Textures/LensFlare/T_Lensflare_01.uasset" 435
"C:/Users/Mike/Desktop/RealFPS/FPSSystem/Content/FPS_System/Game/Weapons/Commons/Particles/Materials/LensFlare/M_Lensflare_01.uasset" 436
"C:/Users/Mike/Desktop/RealFPS/FPSSystem/Content/FPS_System/Game/Weapons/Commons/Particles/Materials/Ramp/M_SoftGradient_Muzzle.uasset" 437
"C:/Users/Mike/Desktop/RealFPS/FPSSystem/Content/FPS_System/Game/Weapons/Commons/Particles/Materials/Smoke/M_SmokeBall.uasset" 438
"C:/Users/Mike/Desktop/RealFPS/FPSSystem/Content/FPS_System/Game/Weapons/Commons/Particles/Textures/Weapon/T_muzzle_flashes.uasset" 439
"C:/Users/Mike/Desktop/RealFPS/FPSSystem/Content/FPS_System/Game/Weapons/Commons/Particles/Materials/Weapon/M_muzzle_flash_subUV.uasset" 440
"../../../Engine/Content/Functions/Engine_MaterialFunctions01/Gradient/LinearGradient.uasset" 441
"C:/Users/Mike/Desktop/RealFPS/FPSSystem/Content/FPS_System/Game/Weapons/Commons/Particles/Textures/Mask/T_SquareMaskTightEdge.uasset" 442
"C:/Users/Mike/Desktop/RealFPS/FPSSystem/Content/FPS_System/Game/Weapons/Commons/Particles/Textures/Noise/T_TileNoise.uasset" 443
"C:/Users/Mike/Desktop/RealFPS/FPSSystem/Content/FPS_System/Game/Weapons/Commons/Particles/Materials/Weapon/M_MuzzleGlow.uasset" 444
"C:/Users/Mike/Desktop/RealFPS/FPSSystem/Content/FPS_System/Game/Weapons/Commons/Particles/Meshes/SM_MuzzleCone.uasset" 445
"C:/Users/Mike/Desktop/RealFPS/FPSSystem/Content/FPS_System/Game/Weapons/Commons/Particles/P_MuzzleFlash.uasset" 446
"C:/Users/Mike/Desktop/RealFPS/FPSSystem/Content/FPS_System/Game/Weapons/Commons/Materials/MI_Shell.uasset" 447
"C:/Users/Mike/Desktop/RealFPS/FPSSystem/Content/FPS_System/Game/Weapons/Commons/Particles/Meshes/Shell.uasset" 448
"C:/Users/Mike/Desktop/RealFPS/FPSSystem/Content/FPS_System/Game/Weapons/Commons/Particles/P_Shells.uasset" 449
"C:/Users/Mike/Desktop/RealFPS/FPSSystem/Content/FPS_System/Game/Blueprints/Weapon_BP.uasset" 450
"../../../Engine/Content/Functions/Engine_MaterialFunctions02/Fresnel_Function.uasset" 451
"C:/Users/Mike/Desktop/RealFPS/FPSSystem/Content/SciFi_Weapons/Game/Weapons/Commons/Materials/Masters/M_Glass.uasset" 452
"C:/Users/Mike/Desktop/RealFPS/FPSSystem/Content/SciFi_Weapons/Game/Weapons/SMG/Materials/MI_RDS_Glass.uasset" 453
"C:/Users/Mike/Desktop/RealFPS/FPSSystem/Content/SciFi_Weapons/Game/Weapons/SMG/Materials/Textures/red_dot_A.uasset" 454
"C:/Users/Mike/Desktop/RealFPS/FPSSystem/Content/SciFi_Weapons/Game/Weapons/Commons/Materials/Masters/M_Recticle.uasset" 455
"C:/Users/Mike/Desktop/RealFPS/FPSSystem/Content/SciFi_Weapons/Game/Weapons/SMG/Materials/MI_RDS_Recticle.uasset" 456
"C:/Users/Mike/Desktop/RealFPS/FPSSystem/Content/SciFi_Weapons/Game/Player/Materials/Textures/UE4_LOGO_CARD.uasset" 457
"C:/Users/Mike/Desktop/RealFPS/FPSSystem/Content/SciFi_Weapons/Game/Player/Materials/Textures/UE4Man_Logo_N.uasset" 458
"C:/Users/Mike/Desktop/RealFPS/FPSSystem/Content/SciFi_Weapons/Game/Weapons/Commons/Materials/Masters/M_Weapons.uasset" 459
"C:/Users/Mike/Desktop/RealFPS/FPSSystem/Content/SciFi_Weapons/Game/Weapons/SMG/Materials/Textures/SMG_A.uasset" 460
"C:/Users/Mike/Desktop/RealFPS/FPSSystem/Content/SciFi_Weapons/Game/Weapons/SMG/Materials/Textures/SMG_N.uasset" 461
"C:/Users/Mike/Desktop/RealFPS/FPSSystem/Content/SciFi_Weapons/Game/Weapons/SMG/Materials/Textures/SMG_S.uasset" 462
"C:/Users/Mike/Desktop/RealFPS/FPSSystem/Content/SciFi_Weapons/Game/Weapons/SMG/Materials/MI_SMG.uasset" 463
"C:/Users/Mike/Desktop/RealFPS/FPSSystem/Content/SciFi_Weapons/Game/Weapons/SMG/Materials/Textures/Additions_A.uasset" 464
"C:/Users/Mike/Desktop/RealFPS/FPSSystem/Content/SciFi_Weapons/Game/Weapons/SMG/Materials/Textures/Additions_N.uasset" 465
"C:/Users/Mike/Desktop/RealFPS/FPSSystem/Content/SciFi_Weapons/Game/Weapons/SMG/Materials/Textures/Additions_S.uasset" 466
"C:/Users/Mike/Desktop/RealFPS/FPSSystem/Content/SciFi_Weapons/Game/Weapons/SMG/Materials/MI_SMG_Additions.uasset" 467
"C:/Users/Mike/Desktop/RealFPS/FPSSystem/Content/SciFi_Weapons/Game/Weapons/SMG/Materials/Textures/Attachments_A.uasset" 468
"C:/Users/Mike/Desktop/RealFPS/FPSSystem/Content/SciFi_Weapons/Game/Weapons/SMG/Materials/Textures/Attachments_N.uasset" 469
"C:/Users/Mike/Desktop/RealFPS/FPSSystem/Content/SciFi_Weapons/Game/Weapons/SMG/Materials/Textures/Attachments_S.uasset" 470
"C:/Users/Mike/Desktop/RealFPS/FPSSystem/Content/SciFi_Weapons/Game/Weapons/SMG/Materials/MI_SMG_Attachments.uasset" 471
"C:/Users/Mike/Desktop/RealFPS/FPSSystem/Content/SciFi_Weapons/Game/Weapons/SMG/Mesh/SMG_PhysicsAsset.uasset" 472
"C:/Users/Mike/Desktop/RealFPS/FPSSystem/Content/SciFi_Weapons/Game/Weapons/SMG/Mesh/SMG.uasset" 473
"C:/Users/Mike/Desktop/RealFPS/FPSSystem/Content/FPS_System/Game/Blueprints/Primary_BP.uasset" 474
"C:/Users/Mike/Desktop/RealFPS/FPSSystem/Content/FPS_System/Game/Weapons/Pistol/Animations/Pistol/Pistol_Fire.uasset" 475
"C:/Users/Mike/Desktop/RealFPS/FPSSystem/Content/FPS_System/Game/Weapons/Pistol/Animations/Pistol/Pistol_Montage.uasset" 476
"C:/Users/Mike/Desktop/RealFPS/FPSSystem/Content/FPS_System/Game/Weapons/Pistol/Animations/Pistol_Aim_Montage.uasset" 477
"C:/Users/Mike/Desktop/RealFPS/FPSSystem/Content/SciFi_Weapons/Game/Weapons/Pistol/Mesh/Pistol_Skeleton.uasset" 478
"C:/Users/Mike/Desktop/RealFPS/FPSSystem/Content/SciFi_Weapons/Game/Weapons/Pistol/Animations/Pistol/Pistol_Reload_Long.uasset" 479
"C:/Users/Mike/Desktop/RealFPS/FPSSystem/Content/SciFi_Weapons/Game/Sounds/Wave/Pistol_ReloadLong.uasset" 480
"C:/Users/Mike/Desktop/RealFPS/FPSSystem/Content/SciFi_Weapons/Game/Weapons/Pistol/Animations/Pistol/Pistol_Reload_Long_Montage.uasset" 481
"C:/Users/Mike/Desktop/RealFPS/FPSSystem/Content/SciFi_Weapons/Game/Weapons/Pistol/Animations/Pistol_Fire.uasset" 482
"C:/Users/Mike/Desktop/RealFPS/FPSSystem/Content/SciFi_Weapons/Game/Weapons/Pistol/Animations/Pistol_Fire_Montage.uasset" 483
"C:/Users/Mike/Desktop/RealFPS/FPSSystem/Content/SciFi_Weapons/Game/Weapons/Pistol/Animations/Pistol_Reload_Long.uasset" 484
"C:/Users/Mike/Desktop/RealFPS/FPSSystem/Content/SciFi_Weapons/Game/Weapons/Pistol/Animations/Pistol_Reload_Long_Montage.uasset" 485
"C:/Users/Mike/Desktop/RealFPS/FPSSystem/Content/SciFi_Weapons/Game/Weapons/Pistol/Animations/Pistol_Reload_Short.uasset" 486
"C:/Users/Mike/Desktop/RealFPS/FPSSystem/Content/SciFi_Weapons/Game/Weapons/Pistol/Animations/Pistol_Reload_Short_Montage.uasset" 487
"C:/Users/Mike/Desktop/RealFPS/FPSSystem/Content/FPS_System/Game/Sounds/Wave/Pistol_Fire.uasset" 488
"C:/Users/Mike/Desktop/RealFPS/FPSSystem/Content/SciFi_Weapons/Game/Weapons/Commons/Materials/Masters/M_Shell.uasset" 489
"C:/Users/Mike/Desktop/RealFPS/FPSSystem/Content/SciFi_Weapons/Game/Weapons/Commons/Materials/MI_Bullet.uasset" 490
"C:/Users/Mike/Desktop/RealFPS/FPSSystem/Content/SciFi_Weapons/Game/Weapons/Commons/Materials/MI_Shell.uasset" 491
"C:/Users/Mike/Desktop/RealFPS/FPSSystem/Content/SciFi_Weapons/Game/Weapons/Pistol/Materials/Textures/Pistol_A.uasset" 492
"C:/Users/Mike/Desktop/RealFPS/FPSSystem/Content/SciFi_Weapons/Game/Weapons/Pistol/Materials/Textures/Pistol_N.uasset" 493
"C:/Users/Mike/Desktop/RealFPS/FPSSystem/Content/SciFi_Weapons/Game/Weapons/Pistol/Materials/Textures/Pistol_S.uasset" 494
"C:/Users/Mike/Desktop/RealFPS/FPSSystem/Content/SciFi_Weapons/Game/Weapons/Pistol/Materials/MI_Pistol.uasset" 495
"C:/Users/Mike/Desktop/RealFPS/FPSSystem/Content/SciFi_Weapons/Game/Weapons/Commons/Materials/Masters/M_Glow.uasset" 496
"C:/Users/Mike/Desktop/RealFPS/FPSSystem/Content/SciFi_Weapons/Game/Weapons/Pistol/Materials/MI_Pistol_Glow.uasset" 497
"C:/Users/Mike/Desktop/RealFPS/FPSSystem/Content/SciFi_Weapons/Game/Weapons/Pistol/Materials/Textures/Pistol_LO_A.uasset" 498
"C:/Users/Mike/Desktop/RealFPS/FPSSystem/Content/SciFi_Weapons/Game/Weapons/Pistol/Materials/Textures/Pistol_LO_N.uasset" 499
"C:/Users/Mike/Desktop/RealFPS/FPSSystem/Content/SciFi_Weapons/Game/Weapons/Pistol/Materials/Textures/Pistol_LO_S.uasset" 500
"C:/Users/Mike/Desktop/RealFPS/FPSSystem/Content/SciFi_Weapons/Game/Weapons/Pistol/Materials/MI_Pistol_LO.uasset" 501
"C:/Users/Mike/Desktop/RealFPS/FPSSystem/Content/SciFi_Weapons/Game/Weapons/Pistol/Mesh/Pistol_PhysicsAsset.uasset" 502
"C:/Users/Mike/Desktop/RealFPS/FPSSystem/Content/SciFi_Weapons/Game/Weapons/Pistol/Mesh/Pistol.uasset" 503
"C:/Users/Mike/Desktop/RealFPS/FPSSystem/Content/FPS_System/Game/Blueprints/Secondary_BP.uasset" 504
"C:/Users/Mike/Desktop/RealFPS/FPSSystem/Content/FPS_System/Game/Blueprints/Widgets/Crosshair_Dot.uasset" 505
"C:/Users/Mike/Desktop/RealFPS/FPSSystem/Content/FPS_System/Game/Blueprints/Widgets/Crosshair_L.uasset" 506
"C:/Users/Mike/Desktop/RealFPS/FPSSystem/Content/FPS_System/Game/Blueprints/Widgets/Crosshair_R.uasset" 507
"C:/Users/Mike/Desktop/RealFPS/FPSSystem/Content/FPS_System/Game/Blueprints/Widgets/Crosshairs.uasset" 508
"C:/Users/Mike/Desktop/RealFPS/FPSSystem/Content/FPS_System/Game/Blueprints/Widgets/HitCount.uasset" 509
"C:/Users/Mike/Desktop/RealFPS/FPSSystem/Content/FPS_System/Game/Blueprints/Widgets/HUD.uasset" 510
"../../../Engine/Content/Functions/Engine_MaterialFunctions02/Utility/BlendAngleCorrectedNormals.uasset" 511
"../../../Engine/Content/Functions/MaterialLayerFunctions/MatLayerBlend_NormalBlend.uasset" 512
"../../../Engine/Content/Functions/MaterialLayerFunctions/MatLayerBlend_Simple.uasset" 513
"C:/Users/Mike/Desktop/RealFPS/FPSSystem/Content/FPS_System/Game/Player/Materials/MaterialLayers/T_ML_Rubber_Blue_01_D.uasset" 514
"C:/Users/Mike/Desktop/RealFPS/FPSSystem/Content/FPS_System/Game/Player/Materials/MaterialLayers/T_ML_Rubber_Blue_01_N.uasset" 515
"C:/Users/Mike/Desktop/RealFPS/FPSSystem/Content/FPS_System/Game/Player/Materials/MaterialLayers/ML_GlossyBlack_Latex_UE4.uasset" 516
"C:/Users/Mike/Desktop/RealFPS/FPSSystem/Content/FPS_System/Game/Player/Materials/MaterialLayers/ML_Plastic_Shiny_Beige.uasset" 517
"C:/Users/Mike/Desktop/RealFPS/FPSSystem/Content/FPS_System/Game/Player/Materials/Textures/UE4_Mannequin_MAT_MASKA.uasset" 518
"C:/Users/Mike/Desktop/RealFPS/FPSSystem/Content/FPS_System/Game/Player/Materials/MaterialLayers/ML_Plastic_Shiny_Beige_LOGO.uasset" 519
"C:/Users/Mike/Desktop/RealFPS/FPSSystem/Content/FPS_System/Game/Player/Materials/MaterialLayers/T_ML_Aluminum01.uasset" 520
"C:/Users/Mike/Desktop/RealFPS/FPSSystem/Content/FPS_System/Game/Player/Materials/MaterialLayers/T_ML_Aluminum01_N.uasset" 521
"C:/Users/Mike/Desktop/RealFPS/FPSSystem/Content/FPS_System/Game/Player/Materials/MaterialLayers/ML_SoftMetal_UE4.uasset" 522
"C:/Users/Mike/Desktop/RealFPS/FPSSystem/Content/FPS_System/Game/Player/Materials/Textures/UE4_Mannequin__normals.uasset" 523
"C:/Users/Mike/Desktop/RealFPS/FPSSystem/Content/FPS_System/Game/Player/Materials/M_UE4Man_Body.uasset" 524
"C:/Users/Mike/Desktop/RealFPS/FPSSystem/Content/FPS_System/Game/Player/Mesh/PlayerCharacter_NOBODY_PhysicsAsset.uasset" 525
"C:/Users/Mike/Desktop/RealFPS/FPSSystem/Content/FPS_System/Game/Player/Mesh/PlayerCharacter_NOBODY.uasset" 526
"C:/Users/Mike/Desktop/RealFPS/FPSSystem/Content/FPS_System/Game/Blueprints/Player_BP.uasset" 527
"C:/Users/Mike/Desktop/RealFPS/FPSSystem/Content/FPS_System/Game/Blueprints/FPS_GameMode.uasset" 528
"../../Plugins/2D/Paper2D/Content/PlaceholderTextures/DummySpriteTexture.uasset" 529
"../../Plugins/2D/Paper2D/Content/DummySprite.uasset" 530
"../../Plugins/2D/Paper2D/Content/DefaultPaperTerrainMaterial.uasset" 531
"../../Plugins/2D/Paper2D/Content/DefaultSpriteMaterial.uasset" 532
"../../Plugins/2D/Paper2D/Content/MaskedUnlitSpriteMaterial.uasset" 533
"../../Plugins/2D/Paper2D/Content/OpaqueUnlitSpriteMaterial.uasset" 534
"../../Plugins/Media/MediaCompositing/Content/DefaultMediaPlaneTexture.uasset" 535
"../../Plugins/Media/MediaCompositing/Content/DefaultMediaPlaneMaterial.uasset" 536
"../../../Engine/Content/Functions/Engine_MaterialFunctions02/Utility/MakeFloat4.uasset" 537
"../../Plugins/Runtime/AppleARKit/Content/ARKitCameraMaterial.uasset" 538
"../../Plugins/Runtime/Oculus/OculusVR/Content/Textures/GearVRController_AO.uasset" 539
"../../Plugins/Runtime/Oculus/OculusVR/Content/Textures/GearVRController_Color.uasset" 540
"../../Plugins/Runtime/Oculus/OculusVR/Content/Textures/GearVRController_Normal.uasset" 541
"../../Plugins/Runtime/Oculus/OculusVR/Content/Materials/GearVRControllerMaterial.uasset" 542
"../../Plugins/Runtime/Oculus/OculusVR/Content/Meshes/GearVrController.uasset" 543
"C:/Users/Mike/Desktop/RealFPS/FPSSystem/Content/AnimStarterPack/UE4_Mannequin/Mesh/UE4_Mannequin_Skeleton.uasset" 544
"C:/Users/Mike/Desktop/RealFPS/FPSSystem/Content/AnimStarterPack/Crouch_Idle_Rifle_Hip.uasset" 545
"C:/Users/Mike/Desktop/RealFPS/FPSSystem/Content/AnimStarterPack/Idle_Rifle_Hip.uasset" 546
"C:/Users/Mike/Desktop/RealFPS/FPSSystem/Content/AnimStarterPack/Jump_From_Jog.uasset" 547
"C:/Users/Mike/Desktop/RealFPS/FPSSystem/Content/AnimStarterPack/Jump_From_Stand.uasset" 548
"C:/Users/Mike/Desktop/RealFPS/FPSSystem/Content/AnimStarterPack/Crouch_Walk_Bwd_Rifle_Hip.uasset" 549
"C:/Users/Mike/Desktop/RealFPS/FPSSystem/Content/AnimStarterPack/Crouch_Walk_Fwd_Rifle_Hip.uasset" 550
"C:/Users/Mike/Desktop/RealFPS/FPSSystem/Content/AnimStarterPack/Crouch_Walk_Lt_Rifle_Hip.uasset" 551
"C:/Users/Mike/Desktop/RealFPS/FPSSystem/Content/AnimStarterPack/Crouch_Walk_Rt_Rifle_Hip.uasset" 552
"C:/Users/Mike/Desktop/RealFPS/FPSSystem/Content/AnimStarterPack/BS_CrouchWalk.uasset" 553
"C:/Users/Mike/Desktop/RealFPS/FPSSystem/Content/AnimStarterPack/Jog_Bwd_Rifle.uasset" 554
"C:/Users/Mike/Desktop/RealFPS/FPSSystem/Content/AnimStarterPack/Jog_Fwd_Rifle.uasset" 555
"C:/Users/Mike/Desktop/RealFPS/FPSSystem/Content/AnimStarterPack/Jog_Lt_Rifle.uasset" 556
"C:/Users/Mike/Desktop/RealFPS/FPSSystem/Content/AnimStarterPack/Jog_Rt_Rifle.uasset" 557
"C:/Users/Mike/Desktop/RealFPS/FPSSystem/Content/AnimStarterPack/BS_Jog.uasset" 558
"../../../Engine/Content/Functions/MaterialLayerFunctions/MatLayerBlend_AO.uasset" 559
"C:/Users/Mike/Desktop/RealFPS/FPSSystem/Content/AnimStarterPack/UE4_Mannequin/Materials/MaterialLayers/T_ML_Rubber_Blue_01_D.uasset" 560
"C:/Users/Mike/Desktop/RealFPS/FPSSystem/Content/AnimStarterPack/UE4_Mannequin/Materials/MaterialLayers/T_ML_Rubber_Blue_01_N.uasset" 561
"C:/Users/Mike/Desktop/RealFPS/FPSSystem/Content/AnimStarterPack/UE4_Mannequin/Materials/MaterialLayers/ML_GlossyBlack_Latex_UE4.uasset" 562
"C:/Users/Mike/Desktop/RealFPS/FPSSystem/Content/AnimStarterPack/UE4_Mannequin/Materials/MaterialLayers/ML_Plastic_Shiny_Beige.uasset" 563
"C:/Users/Mike/Desktop/RealFPS/FPSSystem/Content/AnimStarterPack/UE4_Mannequin/Textures/UE4_LOGO_CARD.uasset" 564
"C:/Users/Mike/Desktop/RealFPS/FPSSystem/Content/AnimStarterPack/UE4_Mannequin/Materials/MaterialLayers/ML_Plastic_Shiny_Beige_LOGO.uasset" 565
"C:/Users/Mike/Desktop/RealFPS/FPSSystem/Content/AnimStarterPack/UE4_Mannequin/Materials/MaterialLayers/T_ML_Aluminum01.uasset" 566
"C:/Users/Mike/Desktop/RealFPS/FPSSystem/Content/AnimStarterPack/UE4_Mannequin/Materials/MaterialLayers/T_ML_Aluminum01_N.uasset" 567
"C:/Users/Mike/Desktop/RealFPS/FPSSystem/Content/AnimStarterPack/UE4_Mannequin/Materials/MaterialLayers/ML_SoftMetal_UE4.uasset" 568
"C:/Users/Mike/Desktop/RealFPS/FPSSystem/Content/AnimStarterPack/UE4_Mannequin/Textures/UE4_Mannequin__normals.uasset" 569
"C:/Users/Mike/Desktop/RealFPS/FPSSystem/Content/AnimStarterPack/UE4_Mannequin/Textures/UE4_Mannequin_MAT_MASKA.uasset" 570
"C:/Users/Mike/Desktop/RealFPS/FPSSystem/Content/AnimStarterPack/UE4_Mannequin/Textures/UE4_Mannequin_occlusion_Mobile.uasset" 571
"C:/Users/Mike/Desktop/RealFPS/FPSSystem/Content/AnimStarterPack/UE4_Mannequin/Materials/M_UE4Man_Body.uasset" 572
"C:/Users/Mike/Desktop/RealFPS/FPSSystem/Content/AnimStarterPack/UE4_Mannequin/Textures/UE4Man_Logo_N.uasset" 573
"C:/Users/Mike/Desktop/RealFPS/FPSSystem/Content/AnimStarterPack/UE4_Mannequin/Materials/M_UE4Man_ChestLogo.uasset" 574
"C:/Users/Mike/Desktop/RealFPS/FPSSystem/Content/AnimStarterPack/UE4_Mannequin/Mesh/SK_Mannequin_PhysicsAsset.uasset" 575
"C:/Users/Mike/Desktop/RealFPS/FPSSystem/Content/AnimStarterPack/UE4_Mannequin/Mesh/SK_Mannequin.uasset" 576
"C:/Users/Mike/Desktop/RealFPS/FPSSystem/Content/AnimStarterPack/Ue4ASP_Character.uasset" 577
"C:/Users/Mike/Desktop/RealFPS/FPSSystem/Content/AnimStarterPack/UE4ASP_HeroTPP_AnimBlueprint.uasset" 578
"C:/Users/Mike/Desktop/RealFPS/FPSSystem/Content/Blueprints/SMG.uasset" 579
"C:/Users/Mike/Desktop/RealFPS/FPSSystem/Content/FPS_System/Game/Blueprints/Ai_Blackboard1.uasset" 580
"C:/Users/Mike/Desktop/RealFPS/FPSSystem/Content/FPS_System/Game/Blueprints/RandomMovement.uasset" 581
"C:/Users/Mike/Desktop/RealFPS/FPSSystem/Content/FPS_System/Game/Blueprints/Threat.uasset" 582
"C:/Users/Mike/Desktop/RealFPS/FPSSystem/Content/FPS_System/Game/Blueprints/AI_Behaviour1.uasset" 583
"C:/Users/Mike/Desktop/RealFPS/FPSSystem/Content/FPS_System/Game/Blueprints/AiController1.uasset" 584
"C:/Users/Mike/Desktop/RealFPS/FPSSystem/Content/FPS_System/Game/Blueprints/FPS_Character.uasset" 585
"C:/Users/Mike/Desktop/RealFPS/FPSSystem/Content/Map1/Blueprints/FPS_Character.uasset" 586
"../../../Engine/Content/EngineSky/C_Sky_Cloud_Color.uasset" 587
"../../../Engine/Content/EngineSky/C_Sky_Horizon_Color.uasset" 588
"../../../Engine/Content/EngineSky/C_Sky_Zenith_Color.uasset" 589
"../../../Engine/Content/EngineSky/T_Sky_Blue.uasset" 590
"../../../Engine/Content/EngineSky/T_Sky_Clouds_M.uasset" 591
"../../../Engine/Content/EngineSky/T_Sky_Stars.uasset" 592
"../../../Engine/Content/EngineSky/M_Sky_Panning_Clouds2.uasset" 593
"../../../Engine/Content/EngineSky/SM_SkySphere.uasset" 594
"../../../Engine/Content/EngineSky/BP_Sky_Sphere.uasset" 595
"C:/Users/Mike/Desktop/RealFPS/FPSSystem/Content/Map1/Map1_LandscapeLayerInfo/Concrete_LayerInfo.uasset" 596
"C:/Users/Mike/Desktop/RealFPS/FPSSystem/Content/Map1/Map1_LandscapeLayerInfo/Dirt_LayerInfo.uasset" 597
"C:/Users/Mike/Desktop/RealFPS/FPSSystem/Content/Map1/Map1_LandscapeLayerInfo/Grass_LayerInfo.uasset" 598
"C:/Users/Mike/Desktop/RealFPS/FPSSystem/Content/Map1/Map1_BuiltData.uasset" 599
"C:/Users/Mike/Desktop/RealFPS/FPSSystem/Content/Map1/Textures/Concrete.uasset" 600
"C:/Users/Mike/Desktop/RealFPS/FPSSystem/Content/Map1/Textures/Concrete_Mat.uasset" 601
"C:/Users/Mike/Desktop/RealFPS/FPSSystem/Content/Map1/Textures/Dirt_texture.uasset" 602
"C:/Users/Mike/Desktop/RealFPS/FPSSystem/Content/Map1/Textures/Grass_texture.uasset" 603
"C:/Users/Mike/Desktop/RealFPS/FPSSystem/Content/Map1/Textures/Map1_LandScape_Mat.uasset" 604
"C:/Users/Mike/Desktop/RealFPS/FPSSystem/Content/FPS_System/Game/Sounds/Effects/ReverbBuilding.uasset" 605
"C:/Users/Mike/Desktop/RealFPS/FPSSystem/Content/FPS_System/Game/Sounds/Wave/AmbiantBuildingSound.uasset" 606
"C:/Users/Mike/Desktop/RealFPS/FPSSystem/Content/FPS_System/Game/Sounds/Wave/AmbiantBuildingSound_Cue2.uasset" 607
"C:/Users/Mike/Desktop/RealFPS/FPSSystem/Content/FPS_System/Game/Sounds/Wave/WindSound.uasset" 608
"C:/Users/Mike/Desktop/RealFPS/FPSSystem/Content/FPS_System/Game/Sounds/Wave/WindSound_Cue.uasset" 609
"C:/Users/Mike/Desktop/RealFPS/FPSSystem/Content/Map1/Map1.umap" 610
